app/build/outputs/logs/manifest-merger-debug-report.txt
-- Merging decision tree log ---
manifest
ADDED from src\main\AndroidManifest.xml:2:1-18:12
	package
		ADDED from src\main\AndroidManifest.xml:3:5-36
		INJECTED from src\main\AndroidManifest.xml
		INJECTED from src\main\AndroidManifest.xml
	xmlns:android
		ADDED from src\main\AndroidManifest.xml:2:11-69
application
ADDED from src\main\AndroidManifest.xml:4:5-17:19
	android:icon
		ADDED from src\main\AndroidManifest.xml:4:18-47
meta-data#org.python.util.JythonOnAndroidRunScript.path
ADDED from src\main\AndroidManifest.xml:5:7-7:43
	android:value
		ADDED from src\main\AndroidManifest.xml:7:9-40
	android:name
		ADDED from src\main\AndroidManifest.xml:6:9-69
meta-data#org.python.util.JythonOnAndroidRunScript.script
ADDED from src\main\AndroidManifest.xml:8:7-10:39
	android:value
		ADDED from src\main\AndroidManifest.xml:10:9-36
	android:name
		ADDED from src\main\AndroidManifest.xml:9:9-71
activity#org.jython_on_android.JythonOnAndroidRunScript
ADDED from src\main\AndroidManifest.xml:11:7-16:18
	android:label
		ADDED from src\main\AndroidManifest.xml:11:58-90
	android:name
		ADDED from src\main\AndroidManifest.xml:11:17-57
intent-filter#android.intent.action.MAIN+android.intent.category.LAUNCHER
ADDED from src\main\AndroidManifest.xml:12:13-15:29
action#android.intent.action.MAIN
ADDED from src\main\AndroidManifest.xml:13:17-69
	android:name
		ADDED from src\main\AndroidManifest.xml:13:25-66
category#android.intent.category.LAUNCHER
ADDED from src\main\AndroidManifest.xml:14:17-77
	android:name
		ADDED from src\main\AndroidManifest.xml:14:27-74